2018-03-16 13:21:29,894 - INFO - Program started...
2018-03-16 13:21:29,914 - INFO - Initiating database-connections...
2018-03-16 13:21:30,673 - INFO - Table 'easymeter' found, will be used for storing data.
2018-03-16 13:21:30,680 - INFO - Initiating RF24-Meshnetwork...
2018-03-16 13:21:30,795 - INFO - honitos HomeServer V0.01 started...
2018-03-16 13:21:30,797 - INFO - Start to listen for messages from nodes, we are mesh-node (0)
2018-03-16 13:25:14,410 - INFO - Program started...
2018-03-16 13:25:14,419 - INFO - Initiating database-connections...
2018-03-16 13:25:14,496 - INFO - Table 'easymeter' found, will be used for storing data.
2018-03-16 13:25:14,498 - INFO - Initiating RF24-Meshnetwork...
2018-03-16 13:25:14,611 - INFO - honitos HomeServer V0.01 started...
2018-03-16 13:25:14,613 - INFO - Start to listen for messages from nodes, we are mesh-node (0)
2018-03-16 13:25:35,411 - ERROR - (<type 'exceptions.KeyboardInterrupt'>, KeyboardInterrupt(), <traceback object at 0x75f0fc60>)
2018-03-16 13:25:35,513 - INFO - Closing database...
2018-03-16 13:25:44,170 - INFO - Program started...
2018-03-16 13:25:44,183 - INFO - Initiating database-connections...
2018-03-16 13:25:44,259 - INFO - Table 'easymeter' found, will be used for storing data.
2018-03-16 13:25:44,261 - INFO - Initiating RF24-Meshnetwork...
2018-03-16 13:25:44,374 - INFO - honitos HomeServer V0.01 started...
2018-03-16 13:25:44,376 - INFO - Start to listen for messages from nodes, we are mesh-node (0)
2018-03-16 13:50:02,155 - INFO - Closing database...
2018-03-16 13:51:20,227 - INFO - Program started...
2018-03-16 13:51:20,243 - INFO - Initiating database-connections...
2018-03-16 13:51:20,325 - INFO - Table 'easymeter' found, will be used for storing data.
2018-03-16 13:51:20,327 - INFO - Initiating RF24-Meshnetwork...
2018-03-16 13:51:20,440 - INFO - honitos HomeServer V0.01 started...
2018-03-16 13:51:20,442 - INFO - Start to listen for messages from nodes, we are mesh-node (0)
2018-03-16 13:51:23,302 - ERROR - (<type 'exceptions.KeyboardInterrupt'>, KeyboardInterrupt(), <traceback object at 0x75f0cc60>)
2018-03-16 13:51:23,405 - INFO - Closing database...
2018-03-16 13:52:32,079 - INFO - Program started...
2018-03-16 13:52:32,094 - INFO - Initiating database-connections...
2018-03-16 13:52:32,176 - INFO - Table 'easymeter' found, will be used for storing data.
2018-03-16 13:52:32,178 - INFO - Initiating RF24-Meshnetwork...
2018-03-16 13:52:32,291 - INFO - honitos HomeServer V0.01 started...
2018-03-16 13:52:32,293 - INFO - Start to listen for messages from nodes, we are mesh-node (0)
2018-03-16 13:52:43,586 - INFO - Closing database...
2018-03-16 13:52:48,280 - INFO - Program started...
2018-03-16 13:52:48,296 - INFO - Initiating database-connections...
2018-03-16 13:52:48,382 - INFO - Table 'easymeter' found, will be used for storing data.
2018-03-16 13:52:48,384 - INFO - Initiating RF24-Meshnetwork...
2018-03-16 13:52:48,498 - INFO - honitos HomeServer V0.01 started...
2018-03-16 13:52:48,499 - INFO - Start to listen for messages from nodes, we are mesh-node (0)
2018-03-16 13:53:03,811 - INFO - Closing database...
2018-03-16 13:56:20,298 - INFO - Program started...
2018-03-16 13:56:20,314 - INFO - Initiating database-connections...
2018-03-16 13:56:20,396 - INFO - Table 'easymeter' found, will be used for storing data.
2018-03-16 13:56:20,398 - INFO - Initiating RF24-Meshnetwork...
2018-03-16 13:56:20,511 - INFO - honitos HomeServer V0.01 started...
2018-03-16 13:56:20,512 - INFO - Start to listen for messages from nodes, we are mesh-node (0)
2018-03-16 13:56:20,514 - ERROR - (<type 'exceptions.AttributeError'>, AttributeError("'RF24Mesh' object has no attribute 'mesh_address'",), <traceback object at 0x75f05c88>)
2018-03-16 13:56:20,615 - INFO - Closing database...
2018-03-16 14:00:59,593 - INFO - Program started...
2018-03-16 14:00:59,608 - INFO - Initiating database-connections...
2018-03-16 14:00:59,687 - INFO - Table 'easymeter' found, will be used for storing data.
2018-03-16 14:00:59,689 - INFO - Initiating RF24-Meshnetwork...
2018-03-16 14:00:59,802 - INFO - honitos HomeServer V0.01 started...
2018-03-16 14:00:59,804 - INFO - Start to listen for messages from nodes, we are mesh-node (0)
2018-03-16 14:03:43,823 - INFO - Closing database...
2018-03-16 14:04:22,410 - INFO - Program started...
2018-03-16 14:04:22,432 - INFO - Initiating database-connections...
2018-03-16 14:04:22,515 - INFO - Table 'easymeter' found, will be used for storing data.
2018-03-16 14:04:22,518 - INFO - Initiating RF24-Meshnetwork...
2018-03-16 14:04:22,631 - INFO - honitos HomeServer V0.01 started...
2018-03-16 14:04:22,633 - INFO - Start to listen for messages from nodes, we are mesh-node (0)
2018-03-16 14:05:01,104 - INFO - Closing database...
2018-03-16 14:05:42,572 - INFO - Program started...
2018-03-16 14:05:42,587 - INFO - Initiating database-connections...
2018-03-16 14:05:42,665 - INFO - Table 'easymeter' found, will be used for storing data.
2018-03-16 14:05:42,668 - INFO - Initiating RF24-Meshnetwork...
2018-03-16 14:05:42,780 - INFO - honitos HomeServer V0.01 started...
2018-03-16 14:05:42,782 - INFO - Start to listen for messages from nodes, we are mesh-node (0)
2018-03-19 09:49:43,804 - INFO - Closing database...
2018-03-19 10:00:28,050 - INFO - Program started...
2018-03-19 10:00:28,063 - INFO - Initiating database-connections...
2018-03-19 10:00:28,261 - INFO - Table 'easymeter' found, will be used for storing data.
2018-03-19 10:00:28,263 - INFO - Initiating RF24-Meshnetwork...
2018-03-19 10:00:28,377 - INFO - honitos HomeServer V0.01 started...
2018-03-19 10:00:28,379 - INFO - Start to listen for messages from nodes, we are mesh-node (0)
